ERROR 2022/03/14 20:41:01 utils.go:96: pq: duplicate key value violates unique constraint "sessions_email_key" Cannot create session
WARNING 2022/03/14 20:43:05 utils.go:101: <nil> Failed to get cookie
WARNING 2022/03/14 20:46:45 utils.go:101: <nil> Failed to get cookie
WARNING 2022/03/14 20:48:43 utils.go:101: <nil> Failed to get cookie
WARNING 2022/03/14 21:25:19 utils.go:101: <nil> Failed to get cookie
ERROR 2022/03/22 16:45:58 utils.go:97: sql: expected 7 arguments, got 8 Cannot create note
ERROR 2022/03/22 16:49:32 utils.go:97: sql: expected 7 arguments, got 8 Cannot create note
ERROR 2022/03/22 16:50:17 utils.go:97: pq: INSERT has more expressions than target columns Cannot create note
ERROR 2022/03/22 16:52:16 utils.go:97: pq: INSERT has more expressions than target columns Cannot create note
ERROR 2022/03/22 16:52:50 utils.go:97: pq: INSERT has more expressions than target columns Cannot create note
WARNING 2022/03/24 20:58:25 utils.go:102: <nil> Failed to get cookie
WARNING 2022/03/24 20:59:09 utils.go:102: <nil> Failed to get cookie
ERROR 2022/03/24 21:28:21 utils.go:97: sql: no rows in result set Cannot find user
ERROR 2022/03/24 21:31:02 utils.go:97: sql: no rows in result set Cannot find user
WARNING 2022/03/25 07:41:03 utils.go:102: <nil> Failed to get cookie
WARNING 2022/03/25 07:49:42 utils.go:102: <nil> Failed to get cookie
WARNING 2022/03/25 07:49:42 utils.go:102: dial tcp: lookup port=: no such host Failed to delete session
ERROR 2022/03/25 07:49:58 utils.go:97: dial tcp: lookup port=: no such host Cannot find user
ERROR 2022/03/25 08:03:55 utils.go:97: pq: duplicate key value violates unique constraint "sessions_email_key" Cannot create session
ERROR 2022/03/25 08:06:09 utils.go:97: dial tcp: lookup port=: no such host Cannot find user
ERROR 2022/03/25 08:06:21 utils.go:97: dial tcp: lookup port=: no such host Cannot find user
ERROR 2022/03/25 16:22:08 utils.go:97: dial tcp: lookup port=: no such host Cannot find user
ERROR 2022/03/25 16:22:10 utils.go:97: dial tcp: lookup port=: no such host Cannot find user
ERROR 2022/03/25 16:31:17 utils.go:97: dial tcp: lookup port=: no such host Cannot find user
ERROR 2022/03/25 16:47:12 utils.go:97: dial tcp: lookup port=: no such host Cannot find user
ERROR 2022/03/25 17:28:12 utils.go:97: dial tcp: lookup tcp/user=: Servname not supported for ai_socktype Cannot find user
ERROR 2022/03/25 17:33:02 utils.go:97: pq: duplicate key value violates unique constraint "sessions_email_key" Cannot create session
ERROR 2022/03/26 20:34:35 utils.go:97: pq: invalid input syntax for type date: "" Cannot create note
ERROR 2022/03/26 20:37:36 utils.go:97: pq: invalid input syntax for type date: "" Cannot create note
ERROR 2022/03/26 20:39:00 utils.go:97: pq: invalid input syntax for type date: "" Cannot create note
ERROR 2022/03/26 20:41:34 utils.go:97: pq: invalid input syntax for type date: "" Cannot create note
ERROR 2022/03/26 20:42:46 utils.go:97: pq: invalid input syntax for type date: "" Cannot create note
ERROR 2022/03/26 20:43:38 utils.go:97: pq: invalid input syntax for type date: "" Cannot create note
ERROR 2022/03/26 20:44:53 utils.go:97: pq: invalid input syntax for type date: "" Cannot create note
ERROR 2022/03/26 20:45:32 utils.go:97: pq: invalid input syntax for type date: "" Cannot create note
ERROR 2022/03/26 20:45:54 utils.go:97: pq: invalid input syntax for type date: "" Cannot create note
ERROR 2022/03/26 20:47:30 utils.go:97: pq: invalid input syntax for type date: "" Cannot create note
ERROR 2022/03/26 20:49:50 utils.go:97: pq: invalid input syntax for type date: "" Cannot create note
ERROR 2022/03/26 20:51:21 utils.go:97: pq: invalid input syntax for type date: "" Cannot create note
ERROR 2022/03/26 20:52:15 utils.go:97: pq: invalid input syntax for type date: "" Cannot create note
ERROR 2022/03/26 20:55:19 utils.go:97: pq: invalid input syntax for type date: "" Cannot create note
ERROR 2022/03/26 20:56:34 utils.go:97: pq: invalid input syntax for type date: "" Cannot create note
ERROR 2022/03/26 20:58:07 utils.go:97: pq: invalid input syntax for type date: "" Cannot create note
ERROR 2022/03/26 20:59:31 utils.go:97: pq: invalid input syntax for type date: "" Cannot create note
ERROR 2022/03/26 21:01:00 utils.go:97: pq: invalid input syntax for type date: "" Cannot create note
ERROR 2022/03/26 21:01:53 utils.go:97: pq: invalid input syntax for type date: "" Cannot create note
ERROR 2022/03/26 21:03:59 utils.go:97: pq: invalid input syntax for type date: "" Cannot create note
ERROR 2022/03/26 21:04:55 utils.go:97: pq: invalid input syntax for type date: "" Cannot create note
ERROR 2022/03/26 21:06:32 utils.go:97: pq: invalid input syntax for type date: "" Cannot create note
ERROR 2022/03/26 21:09:34 utils.go:97: pq: invalid input syntax for type date: "" Cannot create note
ERROR 2022/03/26 21:11:32 utils.go:97: pq: invalid input syntax for type date: "" Cannot create note
WARNING 2022/05/21 15:55:01 utils.go:102: <nil> Failed to get cookie
ERROR 2022/05/21 15:55:02 utils.go:97: sql: no rows in result set Cannot get user from session
ERROR 2022/05/21 15:55:11 utils.go:97: sql: no rows in result set Cannot find user
WARNING 2022/05/21 15:56:15 utils.go:102: <nil> Failed to get cookie
ERROR 2022/05/21 15:56:15 utils.go:97: sql: no rows in result set Cannot get user from session
